GROUP,PACKAGE,CLASS,INSTRUCTION_MISSED,INSTRUCTION_COVERED,BRANCH_MISSED,BRANCH_COVERED,LINE_MISSED,LINE_COVERED,COMPLEXITY_MISSED,COMPLEXITY_COVERED,METHOD_MISSED,METHOD_COVERED
auth,com.auth.controller,AuthController,0,9,0,0,0,2,0,2,0,2
auth,com.auth.controller,JwksController,0,7,0,0,0,2,0,2,0,2
auth,com.auth.service,AuthService,0,82,0,6,0,15,0,8,0,5
auth,com.auth.service,TokenService,0,43,0,0,0,14,0,2,0,2
auth,com.auth.service,UserDetailsServiceImpl,0,63,0,4,0,12,0,4,0,2
auth,com.auth.web,HelloController,0,5,0,0,0,2,0,2,0,2
auth,com.auth.dto,LoginResponseDto,0,12,0,0,0,5,0,1,0,1
auth,com.auth.dto,LoginRequestDto,0,6,0,0,0,2,0,2,0,2
auth,com.auth,AuthApplication,5,3,0,0,2,1,1,1,1,1
auth,com.auth.config,RsaKeyConfig,0,83,0,0,0,17,0,3,0,3
auth,com.auth.config,SecurityConfig,49,63,0,0,14,11,4,5,4,5
auth,com.auth.config,OpenApiConfig,3,0,0,0,1,0,1,0,1,0
auth,com.auth.entity,User,0,12,0,0,0,4,0,4,0,4
auth,com.auth.entity,Admin,0,12,0,0,0,4,0,4,0,4
